<?xml version="1.0" encoding="UTF-8"?>
<!-- Generated by org.testng.reporters.JUnitReportReporter -->
<testsuite hostname="AsusShubham" failures="0" tests="1" name="socialMedia.insta" time="5.389" errors="0" timestamp="2023-08-04T00:41:02 IST" skipped="0">
  <testcase classname="socialMedia.insta" name="instaweb" time="5.389"/>
  <system-out/>
</testsuite> <!-- socialMedia.insta -->
