<?xml version="1.0" encoding="UTF-8"?>
<!-- Generated by org.testng.reporters.JUnitReportReporter -->
<testsuite hostname="AsusShubham" failures="0" tests="1" name="socialMedia.youtube" time="5.080" errors="0" timestamp="2023-08-04T00:41:44 IST" skipped="0">
  <testcase classname="socialMedia.youtube" name="utubeweb" time="5.080"/>
  <system-out/>
</testsuite> <!-- socialMedia.youtube -->
